TN:
SF:components\constants.ts
FNF:0
FNH:0
DA:3,16
DA:16,16
DA:26,16
LF:3
LH:3
BRF:0
BRH:0
end_of_record
TN:
SF:components\index.ts
FNF:0
FNH:0
LF:0
LH:0
BRF:0
BRH:0
end_of_record
TN:
SF:components\styles.ts
FNF:0
FNH:0
DA:4,13
LF:1
LH:1
BRDA:17,0,0,13
BRDA:17,0,1,0
BRDA:83,1,0,13
BRDA:83,1,1,0
BRF:4
BRH:2
end_of_record
TN:
SF:components\types.ts
FNF:0
FNH:0
LF:0
LH:0
BRF:0
BRH:0
end_of_record
TN:
SF:components\SettingsModal\SettingsModal.tsx
FN:20,(anonymous_0)
FNF:1
FNH:1
FNDA:4,(anonymous_0)
DA:20,11
DA:21,4
DA:22,4
DA:24,4
DA:25,4
DA:26,4
DA:28,4
LF:7
LH:7
BRF:0
BRH:0
end_of_record
TN:
SF:components\SettingsModal\styles.ts
FNF:0
FNH:0
DA:4,13
LF:1
LH:1
BRF:0
BRH:0
end_of_record
TN:
SF:components\SettingsModal\components\AccordionSection.tsx
FN:18,(anonymous_0)
FN:26,(anonymous_1)
FN:32,(anonymous_2)
FN:36,(anonymous_3)
FNF:4
FNH:3
FNDA:28,(anonymous_0)
FNDA:0,(anonymous_1)
FNDA:28,(anonymous_2)
FNDA:28,(anonymous_3)
DA:18,11
DA:23,28
DA:24,28
DA:26,28
DA:27,0
DA:28,0
DA:29,0
DA:32,28
DA:36,28
DA:42,28
DA:64,11
LF:11
LH:8
BRDA:21,0,0,24
BRDA:24,1,0,4
BRDA:24,1,1,24
BRDA:29,2,0,0
BRDA:29,2,1,0
BRF:5
BRH:3
end_of_record
TN:
SF:components\SettingsModal\components\BorderSection.tsx
FN:9,(anonymous_0)
FNF:1
FNH:1
FNDA:6,(anonymous_0)
DA:9,11
DA:21,6
DA:22,6
DA:24,6
LF:4
LH:4
BRDA:27,0,0,4
BRDA:27,0,1,2
BRDA:34,1,0,6
BRDA:34,1,1,4
BRDA:37,2,0,4
BRDA:37,2,1,0
BRDA:46,3,0,0
BRDA:46,3,1,4
BRF:8
BRH:6
end_of_record
TN:
SF:components\SettingsModal\components\ColorSection.tsx
FN:9,(anonymous_0)
FN:15,(anonymous_1)
FN:27,(anonymous_2)
FNF:3
FNH:3
FNDA:5,(anonymous_0)
FNDA:50,(anonymous_1)
FNDA:1,(anonymous_2)
DA:9,11
DA:10,5
DA:11,5
DA:12,5
DA:16,50
DA:17,50
DA:19,50
DA:27,1
LF:8
LH:8
BRDA:24,0,0,50
BRDA:24,0,1,5
BRDA:25,1,0,50
BRDA:25,1,1,5
BRDA:35,2,0,5
BRDA:35,2,1,45
BRF:6
BRH:6
end_of_record
TN:
SF:components\SettingsModal\components\DisplayTextSection.tsx
FN:7,(anonymous_0)
FNF:1
FNH:1
FNDA:6,(anonymous_0)
DA:7,11
DA:9,6
DA:10,6
DA:12,6
LF:4
LH:4
BRDA:15,0,0,2
BRDA:15,0,1,4
BRDA:23,1,0,0
BRDA:23,1,1,6
BRF:4
BRH:3
end_of_record
TN:
SF:components\SettingsModal\components\MessageSection.tsx
FN:9,(anonymous_0)
FN:40,(anonymous_1)
FN:54,(anonymous_2)
FN:56,(anonymous_3)
FN:57,(anonymous_4)
FN:62,(anonymous_5)
FN:64,(anonymous_6)
FN:65,(anonymous_7)
FNF:8
FNH:4
FNDA:6,(anonymous_0)
FNDA:0,(anonymous_1)
FNDA:4,(anonymous_2)
FNDA:0,(anonymous_3)
FNDA:0,(anonymous_4)
FNDA:10,(anonymous_5)
FNDA:1,(anonymous_6)
FNDA:0,(anonymous_7)
DA:9,11
DA:18,6
DA:19,6
DA:20,6
DA:21,6
DA:23,6
DA:40,0
DA:55,4
DA:56,0
DA:57,0
DA:63,10
DA:64,1
DA:65,0
LF:13
LH:9
BRDA:20,0,0,6
BRDA:20,0,1,4
BRDA:29,1,0,0
BRDA:29,1,1,6
BRDA:39,2,0,6
BRDA:39,2,1,4
BRDA:42,3,0,0
BRDA:42,3,1,4
BRDA:44,4,0,0
BRDA:44,4,1,4
BRDA:51,5,0,6
BRDA:51,5,1,1
BRDA:51,5,2,5
BRF:13
BRH:10
end_of_record
TN:
SF:components\SettingsModal\components\OrientationSection.tsx
FN:7,(anonymous_0)
FNF:1
FNH:1
FNDA:6,(anonymous_0)
DA:7,11
DA:9,6
DA:10,6
DA:11,6
LF:4
LH:4
BRDA:14,0,0,1
BRDA:14,0,1,5
BRF:2
BRH:2
end_of_record
TN:
SF:components\SettingsModal\components\RainbowColorPicker.tsx
FN:27,(anonymous_0)
FN:30,(anonymous_1)
FNF:2
FNH:1
FNDA:9,(anonymous_0)
FNDA:0,(anonymous_1)
DA:14,11
DA:27,11
DA:28,9
DA:30,9
DA:31,0
DA:39,9
DA:79,11
LF:7
LH:6
BRF:0
BRH:0
end_of_record
TN:
SF:components\SettingsModal\components\SpeedSection.tsx
FN:9,(anonymous_0)
FNF:1
FNH:1
FNDA:5,(anonymous_0)
DA:9,11
DA:10,5
DA:11,5
DA:13,5
LF:4
LH:4
BRF:0
BRH:0
end_of_record
TN:
SF:components\SettingsModal\components\TextAppearanceSection.tsx
FN:10,(anonymous_0)
FN:14,(anonymous_1)
FN:20,(anonymous_2)
FN:29,(anonymous_3)
FN:45,(anonymous_4)
FN:54,(anonymous_5)
FN:69,(anonymous_6)
FNF:7
FNH:1
FNDA:7,(anonymous_0)
FNDA:0,(anonymous_1)
FNDA:0,(anonymous_2)
FNDA:0,(anonymous_3)
FNDA:0,(anonymous_4)
FNDA:0,(anonymous_5)
FNDA:0,(anonymous_6)
DA:10,12
DA:11,7
DA:12,7
DA:14,7
DA:15,0
DA:16,0
DA:17,0
DA:20,7
DA:21,0
DA:24,7
DA:29,0
DA:45,0
DA:54,0
DA:69,0
LF:14
LH:6
BRDA:15,0,0,0
BRDA:15,0,1,0
BRDA:21,1,0,0
BRDA:21,1,1,0
BRDA:38,2,0,7
BRDA:38,2,1,4
BRF:6
BRH:2
end_of_record
TN:
SF:components\SettingsModal\components\ToggleButton.tsx
FN:16,(anonymous_0)
FNF:1
FNH:1
FNDA:34,(anonymous_0)
DA:16,12
DA:17,34
LF:2
LH:2
BRDA:25,0,0,11
BRDA:25,0,1,23
BRDA:26,1,0,11
BRDA:26,1,1,23
BRDA:33,2,0,11
BRDA:33,2,1,23
BRDA:36,3,0,11
BRDA:36,3,1,23
BRDA:37,4,0,11
BRDA:37,4,1,23
BRF:10
BRH:10
end_of_record
TN:
SF:components\display\GridOverlay.tsx
FN:6,(anonymous_0)
FNF:1
FNH:1
FNDA:1,(anonymous_0)
DA:6,11
DA:7,1
DA:9,1
DA:11,1
DA:12,1
DA:16,1
DA:17,1
DA:18,1
DA:23,1
LF:9
LH:9
BRF:0
BRH:0
end_of_record
TN:
SF:components\display\LedBorder.tsx
FN:27,(anonymous_0)
FN:32,(anonymous_1)
FN:53,(anonymous_2)
FN:56,(anonymous_3)
FN:61,(anonymous_4)
FNF:5
FNH:5
FNDA:2,(anonymous_0)
FNDA:2,(anonymous_1)
FNDA:2,(anonymous_2)
FNDA:2,(anonymous_3)
FNDA:2,(anonymous_4)
DA:18,11
DA:27,11
DA:28,2
DA:29,2
DA:30,2
DA:32,2
DA:33,2
DA:34,1
DA:38,1
DA:39,1
DA:41,1
DA:50,1
DA:53,2
DA:56,2
DA:61,2
DA:65,2
DA:67,1
LF:17
LH:17
BRDA:33,0,0,1
BRDA:33,0,1,1
BRDA:36,1,0,1
BRDA:36,1,1,0
BRDA:65,2,0,1
BRDA:65,2,1,1
BRF:6
BRH:5
end_of_record
TN:
SF:components\display\LedDisplayPanel.tsx
FN:45,(anonymous_0)
FN:64,(anonymous_1)
FN:148,(anonymous_2)
FN:154,(anonymous_3)
FNF:4
FNH:3
FNDA:4,(anonymous_0)
FNDA:4,(anonymous_1)
FNDA:0,(anonymous_2)
FNDA:8,(anonymous_3)
DA:45,12
DA:46,4
DA:59,4
DA:60,4
DA:62,4
DA:64,4
DA:65,4
DA:66,4
DA:67,1
DA:70,4
DA:148,0
DA:155,8
LF:12
LH:11
BRDA:60,0,0,0
BRDA:65,1,0,0
BRDA:65,1,1,4
BRDA:66,2,0,3
BRDA:66,2,1,1
BRDA:77,3,0,0
BRDA:77,3,1,4
BRDA:78,4,0,3
BRDA:78,4,1,1
BRDA:79,5,0,0
BRDA:79,5,1,4
BRDA:83,6,0,4
BRDA:83,6,1,0
BRDA:86,7,0,4
BRDA:86,7,1,3
BRDA:90,8,0,0
BRDA:90,8,1,3
BRDA:109,9,0,3
BRDA:109,9,1,1
BRDA:113,10,0,4
BRDA:113,10,1,1
BRDA:156,11,0,0
BRDA:156,11,1,8
BRF:23
BRH:16
end_of_record
TN:
SF:components\display\LedScroller.tsx
FN:18,(anonymous_0)
FNF:1
FNH:1
FNDA:4,(anonymous_0)
DA:18,12
DA:19,4
DA:20,4
DA:21,4
DA:25,4
DA:28,4
DA:41,4
DA:42,4
DA:44,4
LF:9
LH:9
BRDA:18,0,0,4
BRDA:41,1,0,4
BRDA:41,1,1,4
BRDA:42,2,0,4
BRDA:42,2,1,4
BRDA:54,3,0,4
BRDA:54,3,1,4
BRDA:68,4,0,0
BRDA:68,4,1,4
BRDA:72,5,0,4
BRDA:72,5,1,0
BRDA:84,6,0,4
BRDA:84,6,1,4
BRDA:88,7,0,4
BRDA:88,7,1,4
BRDA:91,8,0,4
BRDA:91,8,1,4
BRDA:133,9,0,4
BRDA:133,9,1,0
BRF:19
BRH:16
end_of_record
TN:
SF:components\hooks\useLedAnimation.tsx
FN:32,(anonymous_0)
FN:64,(anonymous_1)
FN:68,(anonymous_2)
FN:73,(anonymous_3)
FN:80,(anonymous_4)
FN:87,(anonymous_5)
FN:103,(anonymous_6)
FN:105,(anonymous_7)
FN:110,(anonymous_8)
FN:112,(anonymous_9)
FN:117,(anonymous_10)
FN:139,(anonymous_11)
FN:143,(anonymous_12)
FN:153,(anonymous_13)
FN:157,(anonymous_14)
FN:165,(anonymous_15)
FN:172,(anonymous_16)
FN:176,(anonymous_17)
FN:188,(anonymous_18)
FN:192,(anonymous_19)
FN:199,(anonymous_20)
FN:217,(anonymous_21)
FN:220,(anonymous_22)
FNF:23
FNH:18
FNDA:7,(anonymous_0)
FNDA:7,(anonymous_1)
FNDA:7,(anonymous_2)
FNDA:7,(anonymous_3)
FNDA:7,(anonymous_4)
FNDA:14,(anonymous_5)
FNDA:7,(anonymous_6)
FNDA:7,(anonymous_7)
FNDA:7,(anonymous_8)
FNDA:7,(anonymous_9)
FNDA:7,(anonymous_10)
FNDA:7,(anonymous_11)
FNDA:7,(anonymous_12)
FNDA:0,(anonymous_13)
FNDA:0,(anonymous_14)
FNDA:0,(anonymous_15)
FNDA:7,(anonymous_16)
FNDA:7,(anonymous_17)
FNDA:7,(anonymous_18)
FNDA:7,(anonymous_19)
FNDA:7,(anonymous_20)
FNDA:0,(anonymous_21)
FNDA:0,(anonymous_22)
DA:32,12
DA:43,7
DA:46,7
DA:47,7
DA:50,7
DA:51,7
DA:52,7
DA:53,7
DA:54,7
DA:55,7
DA:56,7
DA:57,7
DA:58,7
DA:59,7
DA:60,7
DA:61,7
DA:64,7
DA:65,7
DA:68,7
DA:69,7
DA:73,7
DA:74,7
DA:75,7
DA:76,7
DA:80,7
DA:81,7
DA:82,7
DA:83,7
DA:87,7
DA:88,14
DA:89,0
DA:98,14
DA:103,7
DA:104,7
DA:105,7
DA:110,7
DA:111,7
DA:112,7
DA:117,7
DA:118,7
DA:119,0
DA:120,0
DA:121,0
DA:123,0
DA:124,0
DA:125,0
DA:131,0
DA:132,0
DA:139,7
DA:143,7
DA:144,7
DA:145,0
DA:146,0
DA:147,0
DA:152,7
DA:154,0
DA:155,0
DA:158,0
DA:159,0
DA:162,7
DA:166,0
DA:169,7
DA:172,7
DA:176,7
DA:177,7
DA:178,7
DA:188,7
DA:192,7
DA:193,7
DA:194,7
DA:199,7
DA:200,7
DA:201,7
DA:206,7
DA:218,0
DA:221,0
DA:222,0
LF:77
LH:57
BRDA:88,0,0,0
BRDA:88,0,1,14
BRDA:118,1,0,0
BRDA:118,1,1,7
BRDA:120,2,0,0
BRDA:120,2,1,0
BRDA:123,3,0,0
BRDA:123,3,1,0
BRDA:144,4,0,0
BRDA:144,4,1,7
BRDA:184,5,0,0
BRDA:184,5,1,7
BRDA:189,6,0,0
BRDA:189,6,1,7
BRDA:193,7,0,0
BRDA:193,7,1,7
BRDA:200,8,0,0
BRDA:200,8,1,7
BRF:18
BRH:7
end_of_record
TN:
SF:components\hooks\useLedLayout.ts
FN:14,(anonymous_0)
FNF:1
FNH:1
FNDA:12,(anonymous_0)
DA:14,13
DA:15,12
DA:16,12
DA:19,12
DA:20,12
DA:21,12
DA:23,12
DA:26,12
DA:28,12
DA:29,12
DA:35,12
DA:37,12
LF:12
LH:12
BRDA:23,0,0,0
BRDA:23,0,1,12
BRDA:28,1,0,2
BRDA:28,1,1,10
BRF:4
BRH:3
end_of_record
TN:
SF:components\hooks\useLedSettings.tsx
FN:22,(anonymous_0)
FN:38,(anonymous_1)
FN:39,(anonymous_2)
FN:43,(anonymous_3)
FN:56,(anonymous_4)
FN:57,(anonymous_5)
FN:65,(anonymous_6)
FN:69,(anonymous_7)
FN:74,(anonymous_8)
FN:83,(anonymous_9)
FN:84,(anonymous_10)
FN:85,(anonymous_11)
FN:99,(anonymous_12)
FN:99,(anonymous_13)
FN:101,(anonymous_14)
FN:102,(anonymous_15)
FN:106,(anonymous_16)
FN:107,(anonymous_17)
FN:110,(anonymous_18)
FN:111,(anonymous_19)
FN:115,(anonymous_20)
FN:116,(anonymous_21)
FN:120,(anonymous_22)
FN:138,(anonymous_23)
FN:144,(anonymous_24)
FN:146,(anonymous_25)
FNF:26
FNH:16
FNDA:40,(anonymous_0)
FNDA:10,(anonymous_1)
FNDA:10,(anonymous_2)
FNDA:1,(anonymous_3)
FNDA:37,(anonymous_4)
FNDA:0,(anonymous_5)
FNDA:37,(anonymous_6)
FNDA:2,(anonymous_7)
FNDA:9,(anonymous_8)
FNDA:200,(anonymous_9)
FNDA:3,(anonymous_10)
FNDA:3,(anonymous_11)
FNDA:9,(anonymous_12)
FNDA:9,(anonymous_13)
FNDA:0,(anonymous_14)
FNDA:0,(anonymous_15)
FNDA:0,(anonymous_16)
FNDA:0,(anonymous_17)
FNDA:0,(anonymous_18)
FNDA:0,(anonymous_19)
FNDA:0,(anonymous_20)
FNDA:0,(anonymous_21)
FNDA:0,(anonymous_22)
FNDA:3,(anonymous_23)
FNDA:1,(anonymous_24)
FNDA:1,(anonymous_25)
DA:9,11
DA:22,11
DA:23,40
DA:24,40
DA:29,40
DA:30,40
DA:31,40
DA:32,40
DA:35,40
DA:38,40
DA:39,10
DA:40,10
DA:41,10
DA:43,1
DA:44,1
DA:46,1
DA:47,0
DA:48,0
DA:51,10
DA:56,40
DA:57,37
DA:58,0
DA:65,37
DA:69,40
DA:70,2
DA:71,2
DA:74,40
DA:75,9
DA:76,9
DA:77,9
DA:78,9
DA:79,9
DA:83,40
DA:84,200
DA:85,3
DA:86,3
DA:87,3
DA:88,3
DA:93,40
DA:99,9
DA:102,0
DA:103,0
DA:107,0
DA:111,0
DA:112,0
DA:116,0
DA:121,0
DA:122,0
DA:139,3
DA:140,3
DA:141,3
DA:145,1
DA:146,1
DA:147,1
LF:54
LH:43
BRDA:22,0,0,39
BRDA:41,1,0,9
BRDA:41,1,1,1
BRDA:46,2,0,0
BRDA:46,2,1,1
BRDA:141,3,0,1
BRDA:141,3,1,2
BRF:7
BRH:6
end_of_record
TN:
SF:components\hooks\useMessageHistory.ts
FN:18,(anonymous_0)
FN:26,(anonymous_1)
FN:31,(anonymous_2)
FN:32,(anonymous_3)
FN:37,(anonymous_4)
FN:38,(anonymous_5)
FN:41,(anonymous_6)
FN:42,(anonymous_7)
FN:44,(anonymous_8)
FN:46,(anonymous_9)
FN:46,(anonymous_10)
FN:52,(anonymous_11)
FNF:12
FNH:10
FNDA:40,(anonymous_0)
FNDA:9,(anonymous_1)
FNDA:8,(anonymous_2)
FNDA:15,(anonymous_3)
FNDA:3,(anonymous_4)
FNDA:3,(anonymous_5)
FNDA:1,(anonymous_6)
FNDA:0,(anonymous_7)
FNDA:1,(anonymous_8)
FNDA:2,(anonymous_9)
FNDA:0,(anonymous_10)
FNDA:1,(anonymous_11)
DA:8,11
DA:18,11
DA:19,40
DA:20,40
DA:23,40
DA:24,40
DA:26,40
DA:27,9
DA:28,9
DA:30,9
DA:31,8
DA:32,15
DA:33,8
DA:37,40
DA:38,3
DA:39,3
DA:40,3
DA:41,1
DA:42,1
DA:44,1
DA:46,2
DA:47,2
DA:52,40
DA:53,1
DA:54,1
DA:57,40
LF:26
LH:26
BRDA:28,0,0,0
BRDA:28,0,1,9
BRDA:30,1,0,1
BRDA:30,1,1,8
BRDA:40,2,0,1
BRDA:40,2,1,2
BRDA:53,3,0,1
BRDA:53,3,1,0
BRDA:54,4,0,1
BRDA:54,4,1,0
BRF:10
BRH:7
end_of_record
TN:
SF:components\hooks\useOrientation.ts
FN:4,(anonymous_0)
FN:7,(anonymous_1)
FN:12,(anonymous_2)
FN:17,(anonymous_3)
FNF:4
FNH:1
FNDA:40,(anonymous_0)
FNDA:0,(anonymous_1)
FNDA:0,(anonymous_2)
FNDA:0,(anonymous_3)
DA:4,11
DA:5,40
DA:7,40
DA:8,0
DA:9,0
DA:12,40
DA:13,0
DA:14,0
DA:17,40
DA:18,0
DA:19,0
DA:21,0
DA:25,40
LF:13
LH:6
BRDA:18,0,0,0
BRDA:18,0,1,0
BRF:2
BRH:0
end_of_record
TN:
SF:components\hooks\useSettingsPersistence.ts
FN:22,(anonymous_0)
FN:23,(anonymous_1)
FN:44,(anonymous_2)
FNF:3
FNH:2
FNDA:40,(anonymous_0)
FNDA:10,(anonymous_1)
FNDA:0,(anonymous_2)
DA:22,11
DA:23,40
DA:24,10
DA:25,10
DA:32,1
DA:34,1
DA:44,40
DA:45,0
DA:51,0
DA:54,40
LF:10
LH:8
BRDA:25,0,0,9
BRDA:25,0,1,1
BRDA:36,1,0,1
BRDA:36,1,1,1
BRDA:38,2,0,1
BRDA:38,2,1,1
BRDA:39,3,0,1
BRDA:39,3,1,1
BRF:8
BRH:8
end_of_record
TN:
SF:components\ui\AdBanner.tsx
FN:27,(anonymous_0)
FNF:1
FNH:1
FNDA:4,(anonymous_0)
DA:7,12
DA:12,12
DA:17,12
DA:27,12
DA:28,4
DA:30,0
DA:32,0
LF:7
LH:5
BRDA:12,0,0,0
BRDA:12,0,1,12
BRDA:17,1,0,0
BRDA:17,1,1,12
BRDA:18,2,0,0
BRDA:18,2,1,0
BRDA:28,3,0,4
BRDA:28,3,1,0
BRDA:28,4,0,4
BRDA:28,4,1,0
BRF:10
BRH:4
end_of_record
TN:
SF:components\ui\HintContainer.tsx
FN:9,(anonymous_0)
FNF:1
FNH:1
FNDA:5,(anonymous_0)
DA:9,12
DA:10,5
DA:11,5
LF:3
LH:3
BRF:0
BRH:0
end_of_record
TN:
SF:components\ui\LanguageButton.tsx
FN:7,(anonymous_0)
FN:13,(anonymous_1)
FN:15,(anonymous_2)
FN:24,(anonymous_3)
FN:29,(anonymous_4)
FN:37,(anonymous_5)
FN:52,(anonymous_6)
FN:53,(anonymous_7)
FN:63,(anonymous_8)
FN:70,(anonymous_9)
FNF:10
FNH:3
FNDA:4,(anonymous_0)
FNDA:0,(anonymous_1)
FNDA:0,(anonymous_2)
FNDA:0,(anonymous_3)
FNDA:4,(anonymous_4)
FNDA:12,(anonymous_5)
FNDA:0,(anonymous_6)
FNDA:0,(anonymous_7)
FNDA:0,(anonymous_8)
FNDA:0,(anonymous_9)
DA:7,12
DA:8,4
DA:9,4
DA:10,4
DA:11,4
DA:13,4
DA:14,0
DA:15,0
DA:16,0
DA:17,0
DA:20,0
DA:24,4
DA:25,0
DA:26,0
DA:29,4
DA:30,4
DA:31,4
DA:32,0
DA:33,0
DA:37,12
DA:39,4
DA:52,0
DA:53,0
DA:64,0
DA:70,0
DA:84,12
LF:26
LH:13
BRDA:14,0,0,0
BRDA:14,0,1,0
BRDA:14,1,0,0
BRDA:14,1,1,0
BRDA:30,2,0,4
BRDA:30,2,1,0
BRDA:30,2,2,0
BRDA:51,3,0,4
BRDA:51,3,1,0
BRDA:51,3,2,0
BRDA:68,4,0,0
BRDA:68,4,1,0
BRF:12
BRH:2
end_of_record
TN:
SF:components\ui\SettingsButton.tsx
FN:12,(anonymous_0)
FNF:1
FNH:1
FNDA:4,(anonymous_0)
DA:12,12
DA:13,4
DA:14,4
LF:3
LH:3
BRDA:17,0,0,0
BRDA:17,0,1,4
BRDA:24,1,0,0
BRDA:24,1,1,4
BRF:4
BRH:2
end_of_record
TN:
SF:context\I18nContext.tsx
FN:19,(anonymous_0)
FN:23,(anonymous_1)
FN:33,(anonymous_2)
FN:37,(anonymous_3)
FN:38,(anonymous_4)
FN:52,(anonymous_5)
FN:66,(anonymous_6)
FNF:7
FNH:1
FNDA:0,(anonymous_0)
FNDA:0,(anonymous_1)
FNDA:0,(anonymous_2)
FNDA:0,(anonymous_3)
FNDA:0,(anonymous_4)
FNDA:0,(anonymous_5)
FNDA:55,(anonymous_6)
DA:9,12
DA:17,12
DA:19,0
DA:23,12
DA:24,0
DA:25,0
DA:26,0
DA:27,0
DA:28,0
DA:30,0
DA:33,12
DA:34,0
DA:35,0
DA:37,0
DA:38,0
DA:39,0
DA:40,0
DA:41,0
DA:43,0
DA:44,0
DA:46,0
DA:49,0
DA:52,0
DA:53,0
DA:54,0
DA:57,0
DA:59,0
DA:66,55
LF:28
LH:5
BRDA:25,0,0,0
BRDA:25,0,1,0
BRDA:25,1,0,0
BRDA:25,1,1,0
BRDA:27,2,0,0
BRDA:27,2,1,0
BRDA:28,3,0,0
BRDA:28,3,1,0
BRDA:41,4,0,0
BRDA:41,4,1,0
BRDA:57,5,0,0
BRDA:57,5,1,0
BRF:12
BRH:0
end_of_record
TN:
SF:context\SettingsContext.tsx
FN:11,(anonymous_0)
FN:22,(anonymous_1)
FNF:2
FNH:2
FNDA:14,(anonymous_0)
FNDA:38,(anonymous_1)
DA:9,11
DA:11,11
DA:15,14
DA:22,11
DA:23,38
DA:24,38
DA:25,0
DA:27,38
LF:8
LH:7
BRDA:24,0,0,0
BRDA:24,0,1,38
BRF:2
BRH:1
end_of_record
TN:
SF:i18n\translations\en.ts
FNF:0
FNH:0
DA:3,12
LF:1
LH:1
BRF:0
BRH:0
end_of_record
TN:
SF:i18n\translations\es.ts
FNF:0
FNH:0
DA:3,12
LF:1
LH:1
BRF:0
BRH:0
end_of_record
TN:
SF:i18n\translations\fr.ts
FNF:0
FNH:0
DA:3,12
LF:1
LH:1
BRF:0
BRH:0
end_of_record
TN:
SF:utils\colorUtils.ts
FN:5,buildHslString
FN:14,buildHslaString
FNF:2
FNH:2
FNDA:21,buildHslString
FNDA:14,buildHslaString
DA:7,21
DA:16,14
LF:2
LH:2
BRF:0
BRH:0
end_of_record
TN:
SF:utils\storageService.ts
FN:28,(anonymous_0)
FN:39,(anonymous_1)
FN:47,(anonymous_2)
FN:58,(anonymous_3)
FNF:4
FNH:1
FNDA:10,(anonymous_0)
FNDA:0,(anonymous_1)
FNDA:0,(anonymous_2)
FNDA:0,(anonymous_3)
DA:6,12
DA:28,12
DA:29,10
DA:30,10
DA:31,10
DA:32,1
DA:34,0
DA:35,0
DA:39,12
DA:40,0
DA:41,0
DA:43,0
DA:47,12
DA:48,0
DA:49,0
DA:50,0
DA:51,0
DA:53,0
DA:54,0
DA:58,12
DA:59,0
DA:60,0
DA:62,0
DA:66,12
LF:24
LH:10
BRDA:31,0,0,9
BRDA:31,0,1,1
BRDA:50,1,0,0
BRDA:50,1,1,0
BRDA:50,2,0,0
BRDA:50,2,1,0
BRDA:50,2,2,0
BRF:7
BRH:2
end_of_record
TN:
SF:utils\useAnalytics.ts
FN:27,logEvent
FN:41,(anonymous_1)
FN:44,(anonymous_2)
FN:48,(anonymous_3)
FN:52,(anonymous_4)
FN:56,(anonymous_5)
FN:60,(anonymous_6)
FN:64,(anonymous_7)
FN:68,(anonymous_8)
FN:72,(anonymous_9)
FN:76,(anonymous_10)
FNF:11
FNH:8
FNDA:27,logEvent
FNDA:40,(anonymous_1)
FNDA:2,(anonymous_2)
FNDA:9,(anonymous_3)
FNDA:9,(anonymous_4)
FNDA:0,(anonymous_5)
FNDA:0,(anonymous_6)
FNDA:0,(anonymous_7)
FNDA:3,(anonymous_8)
FNDA:3,(anonymous_9)
FNDA:1,(anonymous_10)
DA:21,11
DA:28,27
DA:29,27
DA:30,27
DA:33,0
DA:34,0
DA:41,11
DA:44,40
DA:45,2
DA:48,40
DA:49,9
DA:52,40
DA:53,9
DA:56,40
DA:57,0
DA:60,40
DA:61,0
DA:64,40
DA:65,0
DA:68,40
DA:69,3
DA:72,40
DA:73,3
DA:76,40
DA:77,1
DA:79,40
LF:26
LH:21
BRDA:28,0,0,27
BRDA:28,0,1,0
BRDA:29,1,0,27
BRDA:29,1,1,0
BRF:4
BRH:2
end_of_record
